<?xml version="1.0" encoding="UTF-8"?>
<!-- Generated by org.testng.reporters.JUnitXMLReporter -->
<testsuite hostname="Nasar-MacBook-Air.local" ignored="4" name=" Aussibum Test" tests="3" failures="0" timestamp="2023-03-13T09:20:41 IST" time="77.092" errors="0">
  <testcase name="Verify_Product_addedtocart_Tc01" time="11.897" classname="com.aussibum.testcases.HomeTest"/>
  <testcase name="Verify_Product_movedtocheckout_Tc02" time="10.845" classname="com.aussibum.testcases.CartTest"/>
  <testcase name="Verify_Order_Place_Tc03" time="36.132" classname="com.aussibum.testcases.CheckoutTest"/>
  <testcase name="@AfterSuite afterSuite" time="0.0" classname="com.aussibum.base.BaseClass">
    <ignored/>
  </testcase> <!-- @AfterSuite afterSuite -->
  <testcase name="@AfterSuite afterSuite" time="0.0" classname="com.aussibum.base.BaseClass">
    <ignored/>
  </testcase> <!-- @AfterSuite afterSuite -->
  <testcase name="@BeforeSuite loadConfig" time="0.0" classname="com.aussibum.base.BaseClass">
    <ignored/>
  </testcase> <!-- @BeforeSuite loadConfig -->
  <testcase name="@BeforeSuite loadConfig" time="0.0" classname="com.aussibum.base.BaseClass">
    <ignored/>
  </testcase> <!-- @BeforeSuite loadConfig -->
</testsuite> <!--  Aussibum Test -->
